2024-08-01 11:42:01 INFO     log save at : log\yelp\ACURec-seed2024-B2048-alpha0.5-lamda0.1_1.log
2024-08-01 11:42:01 INFO     model save at: save\ACURec-yelp-seed2024-B2048-alpha0.5-lamda0.1-2024-08-01_11-42-01.pth
2024-08-01 11:42:02 INFO     [1] Model Hyper-Parameter ---------------------
2024-08-01 11:42:02 INFO     model: ACURec
2024-08-01 11:42:02 INFO     essential_ratio: 0.5
2024-08-01 11:42:02 INFO     model_type: SEQUENTIAL
2024-08-01 11:42:02 INFO     tao: 1.0
2024-08-01 11:42:02 INFO     lamda: 0.1
2024-08-01 11:42:02 INFO     embed_size: 128
2024-08-01 11:42:02 INFO     ffn_hidden: 512
2024-08-01 11:42:02 INFO     num_blocks: 2
2024-08-01 11:42:02 INFO     num_heads: 2
2024-08-01 11:42:02 INFO     hidden_dropout: 0.5
2024-08-01 11:42:02 INFO     attn_dropout: 0.5
2024-08-01 11:42:02 INFO     layer_norm_eps: 1e-12
2024-08-01 11:42:02 INFO     initializer_range: 0.02
2024-08-01 11:42:02 INFO     loss_type: CE
2024-08-01 11:42:02 INFO     [2] Experiment Hyper-Parameter ----------------
2024-08-01 11:42:02 INFO     [2-1] data hyper-parameter --------------------
2024-08-01 11:42:02 INFO     dataset: yelp
2024-08-01 11:42:02 INFO     data_aug: True
2024-08-01 11:42:02 INFO     seq_filter_len: 0
2024-08-01 11:42:02 INFO     if_filter_target: False
2024-08-01 11:42:02 INFO     max_len: 50
2024-08-01 11:42:02 INFO     [2-2] pretraining hyper-parameter -------------
2024-08-01 11:42:02 INFO     do_pretraining: False
2024-08-01 11:42:02 INFO     pretraining_task: MISP
2024-08-01 11:42:02 INFO     pretraining_epoch: 10
2024-08-01 11:42:02 INFO     pretraining_batch: 512
2024-08-01 11:42:02 INFO     pretraining_lr: 0.001
2024-08-01 11:42:02 INFO     pretraining_l2: 0.0
2024-08-01 11:42:02 INFO     [2-3] training hyper-parameter ----------------
2024-08-01 11:42:02 INFO     epoch_num: 400
2024-08-01 11:42:02 INFO     train_batch: 2048
2024-08-01 11:42:02 INFO     learning_rate: 0.001
2024-08-01 11:42:02 INFO     l2: 0
2024-08-01 11:42:02 INFO     patience: 10
2024-08-01 11:42:02 INFO     device: cuda:0
2024-08-01 11:42:02 INFO     num_worker: 0
2024-08-01 11:42:02 INFO     seed: 2024
2024-08-01 11:42:02 INFO     [2-4] evaluation hyper-parameter --------------
2024-08-01 11:42:02 INFO     split_type: valid_and_test
2024-08-01 11:42:02 INFO     split_mode: LS
2024-08-01 11:42:02 INFO     eval_mode: full
2024-08-01 11:42:02 INFO     metric: ['hit', 'ndcg']
2024-08-01 11:42:02 INFO     k: [5, 10, 20, 50]
2024-08-01 11:42:02 INFO     valid_metric: hit@20
2024-08-01 11:42:02 INFO     eval_batch: 256
2024-08-01 11:42:02 INFO     do_test_with_eval: False
2024-08-01 11:42:02 INFO     [2-5] save hyper-parameter --------------------
2024-08-01 11:42:02 INFO     log_save: log
2024-08-01 11:42:02 INFO     save: save
2024-08-01 11:42:02 INFO     model_saved: None
2024-08-01 11:42:02 INFO     [3] Data Statistic ----------------------------
2024-08-01 11:42:02 INFO     dataset: yelp
2024-08-01 11:42:02 INFO     user number: 30431
2024-08-01 11:42:02 INFO     item number: 20034
2024-08-01 11:42:02 INFO     average seq length: 10.3958
2024-08-01 11:42:02 INFO     density: 0.0005 sparsity: 0.9995
2024-08-01 11:42:02 INFO     data after augmentation:
2024-08-01 11:42:02 INFO     train samples: 225061	eval samples: 30431	test samples: 30431
2024-08-01 11:42:02 INFO     [1] Model Architecture ------------------------
2024-08-01 11:42:02 INFO     total parameters: 2967680
2024-08-01 11:42:02 INFO     ACURec(
  (cross_entropy): CrossEntropyLoss()
  (item_embedding): Embedding(20035, 128, padding_idx=0)
  (position_embedding): Embedding(50, 128)
  (input_layer_norm): LayerNorm((128,), eps=1e-12, elementwise_affine=True)
  (input_dropout): Dropout(p=0.5, inplace=False)
  (trm_encoder): Transformer(
    (encoder_layers): ModuleList(
      (0-1): 2 x EncoderLayer(
        (attn_layer_norm): LayerNorm((128,), eps=1e-12, elementwise_affine=True)
        (pff_layer_norm): LayerNorm((128,), eps=1e-12, elementwise_affine=True)
        (self_attention): MultiHeadAttentionLayer(
          (fc_q): Linear(in_features=128, out_features=128, bias=True)
          (fc_k): Linear(in_features=128, out_features=128, bias=True)
          (fc_v): Linear(in_features=128, out_features=128, bias=True)
          (attn_dropout): Dropout(p=0.5, inplace=False)
          (fc_o): Linear(in_features=128, out_features=128, bias=True)
        )
        (pff): PointWiseFeedForwardLayer(
          (fc1): Linear(in_features=128, out_features=512, bias=True)
          (fc2): Linear(in_features=512, out_features=128, bias=True)
        )
        (hidden_dropout): Dropout(p=0.5, inplace=False)
        (pff_out_drop): Dropout(p=0.5, inplace=False)
      )
    )
  )
  (nce_with_neg): InfoNCEWithExtraNeg(
    (criterion): CrossEntropyLoss()
  )
)
2024-08-01 11:42:02 INFO     Start training...
2024-08-01 11:42:42 INFO     ----------------------------------------------------Epoch 1----------------------------------------------------
2024-08-01 11:42:42 INFO      Training Time :[39.7 s]	Training Loss = 10.7030
2024-08-01 11:42:43 INFO     Evaluation Time:[1.0 s]	  Eval Loss   = 9.5694
2024-08-01 11:42:43 INFO     hit@5:0.0061	hit@10:0.0106	hit@20:0.019	hit@50:0.0361	ndcg@5:0.0039	ndcg@10:0.0054	ndcg@20:0.0075	ndcg@50:0.0108	
2024-08-01 11:43:23 INFO     ----------------------------------------------------Epoch 2----------------------------------------------------
2024-08-01 11:43:23 INFO      Training Time :[39.6 s]	Training Loss = 10.0521
2024-08-01 11:43:24 INFO     Evaluation Time:[1.1 s]	  Eval Loss   = 9.4435
2024-08-01 11:43:24 INFO     hit@5:0.0087	hit@10:0.0154	hit@20:0.025	hit@50:0.0472	ndcg@5:0.0057	ndcg@10:0.0078	ndcg@20:0.0102	ndcg@50:0.0146	
2024-08-01 11:44:03 INFO     ----------------------------------------------------Epoch 3----------------------------------------------------
2024-08-01 11:44:03 INFO      Training Time :[39.6 s]	Training Loss = 9.7270
2024-08-01 11:44:04 INFO     Evaluation Time:[1.1 s]	  Eval Loss   = 9.0129
2024-08-01 11:44:04 INFO     hit@5:0.0168	hit@10:0.0278	hit@20:0.043	hit@50:0.0797	ndcg@5:0.0104	ndcg@10:0.0139	ndcg@20:0.0178	ndcg@50:0.025	
2024-08-01 11:44:44 INFO     ----------------------------------------------------Epoch 4----------------------------------------------------
2024-08-01 11:44:44 INFO      Training Time :[39.6 s]	Training Loss = 9.2287
2024-08-01 11:44:45 INFO     Evaluation Time:[1.1 s]	  Eval Loss   = 8.5506
2024-08-01 11:44:45 INFO     hit@5:0.0198	hit@10:0.034	hit@20:0.055	hit@50:0.0994	ndcg@5:0.0124	ndcg@10:0.0169	ndcg@20:0.0222	ndcg@50:0.0309	
2024-08-01 11:45:25 INFO     ----------------------------------------------------Epoch 5----------------------------------------------------
2024-08-01 11:45:25 INFO      Training Time :[39.6 s]	Training Loss = 8.8034
2024-08-01 11:45:26 INFO     Evaluation Time:[1.0 s]	  Eval Loss   = 8.2741
2024-08-01 11:45:26 INFO     hit@5:0.0239	hit@10:0.0399	hit@20:0.0657	hit@50:0.1167	ndcg@5:0.0153	ndcg@10:0.0205	ndcg@20:0.0269	ndcg@50:0.037	
2024-08-01 11:46:05 INFO     ----------------------------------------------------Epoch 6----------------------------------------------------
2024-08-01 11:46:05 INFO      Training Time :[39.7 s]	Training Loss = 8.5319
2024-08-01 11:46:07 INFO     Evaluation Time:[1.0 s]	  Eval Loss   = 8.1065
2024-08-01 11:46:07 INFO     hit@5:0.0264	hit@10:0.0438	hit@20:0.0723	hit@50:0.131	ndcg@5:0.0168	ndcg@10:0.0224	ndcg@20:0.0295	ndcg@50:0.0411	
2024-08-01 11:46:46 INFO     ----------------------------------------------------Epoch 7----------------------------------------------------
2024-08-01 11:46:46 INFO      Training Time :[39.6 s]	Training Loss = 8.3327
2024-08-01 11:46:47 INFO     Evaluation Time:[1.0 s]	  Eval Loss   = 7.9921
2024-08-01 11:46:47 INFO     hit@5:0.0289	hit@10:0.0487	hit@20:0.0782	hit@50:0.1413	ndcg@5:0.0184	ndcg@10:0.0247	ndcg@20:0.0321	ndcg@50:0.0445	
2024-08-01 11:47:27 INFO     ----------------------------------------------------Epoch 8----------------------------------------------------
2024-08-01 11:47:27 INFO      Training Time :[39.6 s]	Training Loss = 8.1749
2024-08-01 11:47:28 INFO     Evaluation Time:[1.0 s]	  Eval Loss   = 7.9182
2024-08-01 11:47:28 INFO     hit@5:0.0306	hit@10:0.0517	hit@20:0.0827	hit@50:0.1469	ndcg@5:0.0196	ndcg@10:0.0263	ndcg@20:0.0341	ndcg@50:0.0468	
2024-08-01 11:48:07 INFO     ----------------------------------------------------Epoch 9----------------------------------------------------
2024-08-01 11:48:07 INFO      Training Time :[39.6 s]	Training Loss = 8.0440
2024-08-01 11:48:09 INFO     Evaluation Time:[1.1 s]	  Eval Loss   = 7.8594
2024-08-01 11:48:09 INFO     hit@5:0.0329	hit@10:0.0541	hit@20:0.0858	hit@50:0.153	ndcg@5:0.0213	ndcg@10:0.0281	ndcg@20:0.036	ndcg@50:0.0493	
2024-08-01 11:48:48 INFO     ----------------------------------------------------Epoch 10----------------------------------------------------
2024-08-01 11:48:48 INFO      Training Time :[39.7 s]	Training Loss = 7.9302
2024-08-01 11:48:49 INFO     Evaluation Time:[1.1 s]	  Eval Loss   = 7.8217
2024-08-01 11:48:49 INFO     hit@5:0.0349	hit@10:0.0574	hit@20:0.0898	hit@50:0.1591	ndcg@5:0.0225	ndcg@10:0.0297	ndcg@20:0.0378	ndcg@50:0.0515	
2024-08-01 11:49:29 INFO     ----------------------------------------------------Epoch 11----------------------------------------------------
2024-08-01 11:49:29 INFO      Training Time :[39.6 s]	Training Loss = 7.8277
2024-08-01 11:49:30 INFO     Evaluation Time:[1.0 s]	  Eval Loss   = 7.7933
2024-08-01 11:49:30 INFO     hit@5:0.0371	hit@10:0.0595	hit@20:0.0927	hit@50:0.1618	ndcg@5:0.0241	ndcg@10:0.0313	ndcg@20:0.0396	ndcg@50:0.0533	
2024-08-01 11:50:10 INFO     ----------------------------------------------------Epoch 12----------------------------------------------------
2024-08-01 11:50:10 INFO      Training Time :[39.7 s]	Training Loss = 7.7276
2024-08-01 11:50:11 INFO     Evaluation Time:[1.0 s]	  Eval Loss   = 7.776
2024-08-01 11:50:11 INFO     hit@5:0.0393	hit@10:0.0629	hit@20:0.0962	hit@50:0.1663	ndcg@5:0.0253	ndcg@10:0.0329	ndcg@20:0.0412	ndcg@50:0.055	
2024-08-01 11:50:50 INFO     ----------------------------------------------------Epoch 13----------------------------------------------------
2024-08-01 11:50:50 INFO      Training Time :[39.7 s]	Training Loss = 7.6437
2024-08-01 11:50:52 INFO     Evaluation Time:[1.0 s]	  Eval Loss   = 7.764
2024-08-01 11:50:52 INFO     hit@5:0.0398	hit@10:0.0642	hit@20:0.0987	hit@50:0.1695	ndcg@5:0.0263	ndcg@10:0.0341	ndcg@20:0.0428	ndcg@50:0.0568	
2024-08-01 11:51:31 INFO     ----------------------------------------------------Epoch 14----------------------------------------------------
2024-08-01 11:51:31 INFO      Training Time :[39.7 s]	Training Loss = 7.5616
2024-08-01 11:51:32 INFO     Evaluation Time:[1.0 s]	  Eval Loss   = 7.7623
2024-08-01 11:51:32 INFO     hit@5:0.0404	hit@10:0.0662	hit@20:0.0999	hit@50:0.1737	ndcg@5:0.0271	ndcg@10:0.0354	ndcg@20:0.0439	ndcg@50:0.0584	
2024-08-01 11:52:12 INFO     ----------------------------------------------------Epoch 15----------------------------------------------------
2024-08-01 11:52:12 INFO      Training Time :[39.7 s]	Training Loss = 7.4875
2024-08-01 11:52:13 INFO     Evaluation Time:[1.0 s]	  Eval Loss   = 7.7667
2024-08-01 11:52:13 INFO     hit@5:0.0423	hit@10:0.0669	hit@20:0.1032	hit@50:0.1738	ndcg@5:0.028	ndcg@10:0.0359	ndcg@20:0.045	ndcg@50:0.0589	
2024-08-01 11:52:53 INFO     ----------------------------------------------------Epoch 16----------------------------------------------------
2024-08-01 11:52:53 INFO      Training Time :[39.7 s]	Training Loss = 7.4175
2024-08-01 11:52:54 INFO     Evaluation Time:[1.0 s]	  Eval Loss   = 7.7744
2024-08-01 11:52:54 INFO     hit@5:0.0443	hit@10:0.0684	hit@20:0.1047	hit@50:0.1746	ndcg@5:0.0293	ndcg@10:0.0371	ndcg@20:0.0462	ndcg@50:0.06	
2024-08-01 11:53:34 INFO     ----------------------------------------------------Epoch 17----------------------------------------------------
2024-08-01 11:53:34 INFO      Training Time :[39.8 s]	Training Loss = 7.3496
2024-08-01 11:53:35 INFO     Evaluation Time:[1.0 s]	  Eval Loss   = 7.7882
2024-08-01 11:53:35 INFO     hit@5:0.0453	hit@10:0.071	hit@20:0.1058	hit@50:0.175	ndcg@5:0.0302	ndcg@10:0.0385	ndcg@20:0.0472	ndcg@50:0.0609	
2024-08-01 11:54:14 INFO     ----------------------------------------------------Epoch 18----------------------------------------------------
2024-08-01 11:54:14 INFO      Training Time :[39.7 s]	Training Loss = 7.2868
2024-08-01 11:54:15 INFO     Evaluation Time:[1.1 s]	  Eval Loss   = 7.808
2024-08-01 11:54:15 INFO     hit@5:0.0461	hit@10:0.0714	hit@20:0.1058	hit@50:0.1782	ndcg@5:0.0309	ndcg@10:0.0391	ndcg@20:0.0477	ndcg@50:0.062	
2024-08-01 11:54:15 INFO     EarlyStopping Counter: 1 out of 10
2024-08-01 11:54:55 INFO     ----------------------------------------------------Epoch 19----------------------------------------------------
2024-08-01 11:54:55 INFO      Training Time :[39.7 s]	Training Loss = 7.2301
2024-08-01 11:54:56 INFO     Evaluation Time:[1.1 s]	  Eval Loss   = 7.832
2024-08-01 11:54:56 INFO     hit@5:0.0466	hit@10:0.0722	hit@20:0.1064	hit@50:0.1778	ndcg@5:0.0314	ndcg@10:0.0396	ndcg@20:0.0482	ndcg@50:0.0623	
2024-08-01 11:55:36 INFO     ----------------------------------------------------Epoch 20----------------------------------------------------
2024-08-01 11:55:36 INFO      Training Time :[39.7 s]	Training Loss = 7.1797
2024-08-01 11:55:37 INFO     Evaluation Time:[1.1 s]	  Eval Loss   = 7.8484
2024-08-01 11:55:37 INFO     hit@5:0.0471	hit@10:0.0718	hit@20:0.1074	hit@50:0.1776	ndcg@5:0.0317	ndcg@10:0.0396	ndcg@20:0.0485	ndcg@50:0.0624	
2024-08-01 11:56:16 INFO     ----------------------------------------------------Epoch 21----------------------------------------------------
2024-08-01 11:56:16 INFO      Training Time :[39.7 s]	Training Loss = 7.1249
2024-08-01 11:56:18 INFO     Evaluation Time:[1.1 s]	  Eval Loss   = 7.8835
2024-08-01 11:56:18 INFO     hit@5:0.0482	hit@10:0.0726	hit@20:0.1073	hit@50:0.1773	ndcg@5:0.0327	ndcg@10:0.0405	ndcg@20:0.0492	ndcg@50:0.063	
2024-08-01 11:56:18 INFO     EarlyStopping Counter: 1 out of 10
2024-08-01 11:56:57 INFO     ----------------------------------------------------Epoch 22----------------------------------------------------
2024-08-01 11:56:57 INFO      Training Time :[39.7 s]	Training Loss = 7.0789
2024-08-01 11:56:58 INFO     Evaluation Time:[1.0 s]	  Eval Loss   = 7.8984
2024-08-01 11:56:58 INFO     hit@5:0.048	hit@10:0.0739	hit@20:0.1085	hit@50:0.1778	ndcg@5:0.0325	ndcg@10:0.0408	ndcg@20:0.0495	ndcg@50:0.0632	
2024-08-01 11:57:38 INFO     ----------------------------------------------------Epoch 23----------------------------------------------------
2024-08-01 11:57:38 INFO      Training Time :[39.7 s]	Training Loss = 7.0394
2024-08-01 11:57:39 INFO     Evaluation Time:[1.0 s]	  Eval Loss   = 7.929
2024-08-01 11:57:39 INFO     hit@5:0.0486	hit@10:0.0723	hit@20:0.1079	hit@50:0.1771	ndcg@5:0.033	ndcg@10:0.0406	ndcg@20:0.0495	ndcg@50:0.0632	
2024-08-01 11:57:39 INFO     EarlyStopping Counter: 1 out of 10
2024-08-01 11:58:20 INFO     ----------------------------------------------------Epoch 24----------------------------------------------------
2024-08-01 11:58:20 INFO      Training Time :[40.7 s]	Training Loss = 6.9972
2024-08-01 11:58:21 INFO     Evaluation Time:[1.0 s]	  Eval Loss   = 7.9516
2024-08-01 11:58:21 INFO     hit@5:0.049	hit@10:0.0735	hit@20:0.1091	hit@50:0.176	ndcg@5:0.0334	ndcg@10:0.0413	ndcg@20:0.0502	ndcg@50:0.0634	
2024-08-01 11:59:00 INFO     ----------------------------------------------------Epoch 25----------------------------------------------------
2024-08-01 11:59:00 INFO      Training Time :[39.7 s]	Training Loss = 6.9573
2024-08-01 11:59:01 INFO     Evaluation Time:[1.0 s]	  Eval Loss   = 7.9765
2024-08-01 11:59:01 INFO     hit@5:0.0488	hit@10:0.0729	hit@20:0.1082	hit@50:0.1771	ndcg@5:0.0334	ndcg@10:0.0412	ndcg@20:0.0501	ndcg@50:0.0636	
2024-08-01 11:59:01 INFO     EarlyStopping Counter: 1 out of 10
2024-08-01 11:59:41 INFO     ----------------------------------------------------Epoch 26----------------------------------------------------
2024-08-01 11:59:41 INFO      Training Time :[39.7 s]	Training Loss = 6.9235
2024-08-01 11:59:42 INFO     Evaluation Time:[1.1 s]	  Eval Loss   = 8.0049
2024-08-01 11:59:42 INFO     hit@5:0.0493	hit@10:0.0731	hit@20:0.1072	hit@50:0.1777	ndcg@5:0.0339	ndcg@10:0.0416	ndcg@20:0.0501	ndcg@50:0.064	
2024-08-01 11:59:42 INFO     EarlyStopping Counter: 2 out of 10
2024-08-01 12:00:22 INFO     ----------------------------------------------------Epoch 27----------------------------------------------------
2024-08-01 12:00:22 INFO      Training Time :[39.7 s]	Training Loss = 6.8920
2024-08-01 12:00:23 INFO     Evaluation Time:[1.1 s]	  Eval Loss   = 8.0351
2024-08-01 12:00:23 INFO     hit@5:0.0483	hit@10:0.0727	hit@20:0.1071	hit@50:0.1774	ndcg@5:0.0337	ndcg@10:0.0415	ndcg@20:0.0502	ndcg@50:0.064	
2024-08-01 12:00:23 INFO     EarlyStopping Counter: 3 out of 10
2024-08-01 12:01:03 INFO     ----------------------------------------------------Epoch 28----------------------------------------------------
2024-08-01 12:01:03 INFO      Training Time :[39.7 s]	Training Loss = 6.8621
2024-08-01 12:01:04 INFO     Evaluation Time:[1.0 s]	  Eval Loss   = 8.0723
2024-08-01 12:01:04 INFO     hit@5:0.0485	hit@10:0.0739	hit@20:0.1066	hit@50:0.1767	ndcg@5:0.0337	ndcg@10:0.0419	ndcg@20:0.0501	ndcg@50:0.064	
2024-08-01 12:01:04 INFO     EarlyStopping Counter: 4 out of 10
2024-08-01 12:01:43 INFO     ----------------------------------------------------Epoch 29----------------------------------------------------
2024-08-01 12:01:43 INFO      Training Time :[39.7 s]	Training Loss = 6.8365
2024-08-01 12:01:44 INFO     Evaluation Time:[1.0 s]	  Eval Loss   = 8.0911
2024-08-01 12:01:44 INFO     hit@5:0.0492	hit@10:0.074	hit@20:0.1073	hit@50:0.1765	ndcg@5:0.0339	ndcg@10:0.042	ndcg@20:0.0503	ndcg@50:0.064	
2024-08-01 12:01:44 INFO     EarlyStopping Counter: 5 out of 10
2024-08-01 12:02:24 INFO     ----------------------------------------------------Epoch 30----------------------------------------------------
2024-08-01 12:02:24 INFO      Training Time :[39.7 s]	Training Loss = 6.8075
2024-08-01 12:02:25 INFO     Evaluation Time:[1.0 s]	  Eval Loss   = 8.1153
2024-08-01 12:02:25 INFO     hit@5:0.0499	hit@10:0.0743	hit@20:0.108	hit@50:0.1769	ndcg@5:0.0343	ndcg@10:0.0422	ndcg@20:0.0507	ndcg@50:0.0642	
2024-08-01 12:02:25 INFO     EarlyStopping Counter: 6 out of 10
2024-08-01 12:03:05 INFO     ----------------------------------------------------Epoch 31----------------------------------------------------
2024-08-01 12:03:05 INFO      Training Time :[39.7 s]	Training Loss = 6.7779
2024-08-01 12:03:06 INFO     Evaluation Time:[1.1 s]	  Eval Loss   = 8.1469
2024-08-01 12:03:06 INFO     hit@5:0.0504	hit@10:0.0739	hit@20:0.1075	hit@50:0.1762	ndcg@5:0.0345	ndcg@10:0.042	ndcg@20:0.0504	ndcg@50:0.064	
2024-08-01 12:03:06 INFO     EarlyStopping Counter: 7 out of 10
2024-08-01 12:03:46 INFO     ----------------------------------------------------Epoch 32----------------------------------------------------
2024-08-01 12:03:46 INFO      Training Time :[39.7 s]	Training Loss = 6.7543
2024-08-01 12:03:47 INFO     Evaluation Time:[1.1 s]	  Eval Loss   = 8.1738
2024-08-01 12:03:47 INFO     hit@5:0.0501	hit@10:0.0745	hit@20:0.1064	hit@50:0.1768	ndcg@5:0.0344	ndcg@10:0.0422	ndcg@20:0.0503	ndcg@50:0.0642	
2024-08-01 12:03:47 INFO     EarlyStopping Counter: 8 out of 10
2024-08-01 12:04:26 INFO     ----------------------------------------------------Epoch 33----------------------------------------------------
2024-08-01 12:04:26 INFO      Training Time :[39.7 s]	Training Loss = 6.7314
2024-08-01 12:04:27 INFO     Evaluation Time:[1.1 s]	  Eval Loss   = 8.1829
2024-08-01 12:04:27 INFO     hit@5:0.0494	hit@10:0.0748	hit@20:0.1068	hit@50:0.1757	ndcg@5:0.0343	ndcg@10:0.0424	ndcg@20:0.0505	ndcg@50:0.064	
2024-08-01 12:04:27 INFO     EarlyStopping Counter: 9 out of 10
2024-08-01 12:05:07 INFO     ----------------------------------------------------Epoch 34----------------------------------------------------
2024-08-01 12:05:07 INFO      Training Time :[39.7 s]	Training Loss = 6.7102
2024-08-01 12:05:08 INFO     Evaluation Time:[1.1 s]	  Eval Loss   = 8.206
2024-08-01 12:05:08 INFO     hit@5:0.0508	hit@10:0.074	hit@20:0.1093	hit@50:0.1749	ndcg@5:0.0349	ndcg@10:0.0423	ndcg@20:0.0512	ndcg@50:0.0641	
2024-08-01 12:05:48 INFO     ----------------------------------------------------Epoch 35----------------------------------------------------
2024-08-01 12:05:48 INFO      Training Time :[39.7 s]	Training Loss = 6.6894
2024-08-01 12:05:49 INFO     Evaluation Time:[1.1 s]	  Eval Loss   = 8.2469
2024-08-01 12:05:49 INFO     hit@5:0.0507	hit@10:0.0743	hit@20:0.1085	hit@50:0.1757	ndcg@5:0.0347	ndcg@10:0.0423	ndcg@20:0.0508	ndcg@50:0.0641	
2024-08-01 12:05:49 INFO     EarlyStopping Counter: 1 out of 10
2024-08-01 12:06:29 INFO     ----------------------------------------------------Epoch 36----------------------------------------------------
2024-08-01 12:06:29 INFO      Training Time :[39.7 s]	Training Loss = 6.6708
2024-08-01 12:06:30 INFO     Evaluation Time:[1.1 s]	  Eval Loss   = 8.2423
2024-08-01 12:06:30 INFO     hit@5:0.0511	hit@10:0.0737	hit@20:0.1087	hit@50:0.1766	ndcg@5:0.0349	ndcg@10:0.0422	ndcg@20:0.051	ndcg@50:0.0643	
2024-08-01 12:06:30 INFO     EarlyStopping Counter: 2 out of 10
2024-08-01 12:07:09 INFO     ----------------------------------------------------Epoch 37----------------------------------------------------
2024-08-01 12:07:09 INFO      Training Time :[39.7 s]	Training Loss = 6.6495
2024-08-01 12:07:10 INFO     Evaluation Time:[1.1 s]	  Eval Loss   = 8.2601
2024-08-01 12:07:10 INFO     hit@5:0.0499	hit@10:0.0733	hit@20:0.1091	hit@50:0.1773	ndcg@5:0.0346	ndcg@10:0.0422	ndcg@20:0.0511	ndcg@50:0.0646	
2024-08-01 12:07:10 INFO     EarlyStopping Counter: 3 out of 10
2024-08-01 12:07:50 INFO     ----------------------------------------------------Epoch 38----------------------------------------------------
2024-08-01 12:07:50 INFO      Training Time :[39.7 s]	Training Loss = 6.6340
2024-08-01 12:07:51 INFO     Evaluation Time:[1.0 s]	  Eval Loss   = 8.3154
2024-08-01 12:07:51 INFO     hit@5:0.0503	hit@10:0.0739	hit@20:0.1071	hit@50:0.1745	ndcg@5:0.0347	ndcg@10:0.0423	ndcg@20:0.0507	ndcg@50:0.0639	
2024-08-01 12:07:51 INFO     EarlyStopping Counter: 4 out of 10
2024-08-01 12:08:31 INFO     ----------------------------------------------------Epoch 39----------------------------------------------------
2024-08-01 12:08:31 INFO      Training Time :[39.8 s]	Training Loss = 6.6164
2024-08-01 12:08:32 INFO     Evaluation Time:[1.0 s]	  Eval Loss   = 8.3166
2024-08-01 12:08:32 INFO     hit@5:0.0515	hit@10:0.0738	hit@20:0.1073	hit@50:0.1765	ndcg@5:0.0352	ndcg@10:0.0424	ndcg@20:0.0508	ndcg@50:0.0644	
2024-08-01 12:08:32 INFO     EarlyStopping Counter: 5 out of 10
2024-08-01 12:09:12 INFO     ----------------------------------------------------Epoch 40----------------------------------------------------
2024-08-01 12:09:12 INFO      Training Time :[39.7 s]	Training Loss = 6.6005
2024-08-01 12:09:13 INFO     Evaluation Time:[1.0 s]	  Eval Loss   = 8.3318
2024-08-01 12:09:13 INFO     hit@5:0.0509	hit@10:0.073	hit@20:0.1081	hit@50:0.1755	ndcg@5:0.0351	ndcg@10:0.0421	ndcg@20:0.051	ndcg@50:0.0643	
2024-08-01 12:09:13 INFO     EarlyStopping Counter: 6 out of 10
2024-08-01 12:09:52 INFO     ----------------------------------------------------Epoch 41----------------------------------------------------
2024-08-01 12:09:52 INFO      Training Time :[39.7 s]	Training Loss = 6.5846
2024-08-01 12:09:54 INFO     Evaluation Time:[1.0 s]	  Eval Loss   = 8.3454
2024-08-01 12:09:54 INFO     hit@5:0.0509	hit@10:0.0733	hit@20:0.1079	hit@50:0.1756	ndcg@5:0.0351	ndcg@10:0.0423	ndcg@20:0.051	ndcg@50:0.0644	
2024-08-01 12:09:54 INFO     EarlyStopping Counter: 7 out of 10
2024-08-01 12:10:33 INFO     ----------------------------------------------------Epoch 42----------------------------------------------------
2024-08-01 12:10:33 INFO      Training Time :[39.7 s]	Training Loss = 6.5663
2024-08-01 12:10:34 INFO     Evaluation Time:[1.1 s]	  Eval Loss   = 8.3665
2024-08-01 12:10:34 INFO     hit@5:0.051	hit@10:0.0747	hit@20:0.1085	hit@50:0.1753	ndcg@5:0.0349	ndcg@10:0.0425	ndcg@20:0.051	ndcg@50:0.0642	
2024-08-01 12:10:34 INFO     EarlyStopping Counter: 8 out of 10
2024-08-01 12:11:14 INFO     ----------------------------------------------------Epoch 43----------------------------------------------------
2024-08-01 12:11:14 INFO      Training Time :[39.7 s]	Training Loss = 6.5532
2024-08-01 12:11:15 INFO     Evaluation Time:[1.1 s]	  Eval Loss   = 8.3858
2024-08-01 12:11:15 INFO     hit@5:0.0507	hit@10:0.0737	hit@20:0.1074	hit@50:0.1757	ndcg@5:0.0348	ndcg@10:0.0422	ndcg@20:0.0507	ndcg@50:0.0641	
2024-08-01 12:11:15 INFO     EarlyStopping Counter: 9 out of 10
2024-08-01 12:11:55 INFO     ----------------------------------------------------Epoch 44----------------------------------------------------
2024-08-01 12:11:55 INFO      Training Time :[39.7 s]	Training Loss = 6.5364
2024-08-01 12:11:56 INFO     Evaluation Time:[1.1 s]	  Eval Loss   = 8.4004
2024-08-01 12:11:56 INFO     hit@5:0.0509	hit@10:0.0744	hit@20:0.1077	hit@50:0.1755	ndcg@5:0.0348	ndcg@10:0.0424	ndcg@20:0.0507	ndcg@50:0.0641	
2024-08-01 12:11:56 INFO     EarlyStopping Counter: 10 out of 10
2024-08-01 12:11:56 INFO     ------------------------------------------------Best Evaluation------------------------------------------------
2024-08-01 12:11:56 INFO     Best Result at Epoch: 34	 Early Stop at Patience: 10
2024-08-01 12:11:56 INFO     hit@5:0.0508	hit@10:0.074	hit@20:0.1093	hit@50:0.1749	ndcg@5:0.0349	ndcg@10:0.0423	ndcg@20:0.0512	ndcg@50:0.0641	
2024-08-01 12:11:57 INFO     -----------------------------------------------------Test Results------------------------------------------------------
2024-08-01 12:11:57 INFO     hit@5:0.0497	hit@10:0.072	hit@20:0.1052	hit@50:0.1726	ndcg@5:0.0353	ndcg@10:0.0425	ndcg@20:0.0508	ndcg@50:0.064	
